#
# There is insufficient memory for the Java Runtime Environment to continue.
# Native memory allocation (malloc) failed to allocate 1048576 bytes for AllocateHeap
# Possible reasons:
#   The system is out of physical RAM or swap space
#   The process is running with CompressedOops enabled, and the Java Heap may be blocking the growth of the native heap
# Possible solutions:
#   Reduce memory load on the system
#   Increase physical memory or swap space
#   Check if swap backing store is full
#   Decrease Java heap size (-Xmx/-Xms)
#   Decrease number of Java threads
#   Decrease Java thread stack sizes (-Xss)
#   Set larger code cache with -XX:ReservedCodeCacheSize=
#   JVM is running with Unscaled Compressed Oops mode in which the Java heap is
#     placed in the first 4GB address space. The Java Heap base address is the
#     maximum limit for the native heap growth. Please use -XX:HeapBaseMinAddress
#     to set the Java Heap base and to place the Java Heap above 4GB virtual address.
# This output file may be truncated or incomplete.
#
#  Out of Memory Error (memory/allocation.inline.hpp:61), pid=1184, tid=0x0000000000002984
#
# JRE version:  (8.0_242-b01) (build )
# Java VM: OpenJDK 64-Bit Server VM (25.242-b01 mixed mode windows-amd64 compressed oops)
# Failed to write core dump. Minidumps are not enabled by default on client versions of Windows
#

---------------  T H R E A D  ---------------

Current thread (0x0000000002d7e800):  JavaThread "Unknown thread" [_thread_in_vm, id=10628, stack(0x0000000002d80000,0x0000000002e80000)]

Stack: [0x0000000002d80000,0x0000000002e80000]
[error occurred during error reporting (printing stack bounds), id 0xc0000005]

Native frames: (J=compiled Java code, j=interpreted, Vv=VM code, C=native code)


---------------  P R O C E S S  ---------------

Java Threads: ( => current thread )

Other Threads:

=>0x0000000002d7e800 (exited) JavaThread "Unknown thread" [_thread_in_vm, id=10628, stack(0x0000000002d80000,0x0000000002e80000)]

VM state:not at safepoint (normal execution)

VM Mutex/Monitor currently owned by a thread: None

heap address: 0x00000000a1c00000, size: 1508 MB, Compressed Oops mode: 32-bit
Narrow klass base: 0x0000000000000000, Narrow klass shift: 3
Compressed class space size: 1073741824 Address: 0x0000000100000000

Heap:
 PSYoungGen      total 28672K, used 491K [0x00000000e0980000, 0x00000000e2980000, 0x0000000100000000)
  eden space 24576K, 2% used [0x00000000e0980000,0x00000000e09fae20,0x00000000e2180000)
  from space 4096K, 0% used [0x00000000e2580000,0x00000000e2580000,0x00000000e2980000)
  to   space 4096K, 0% used [0x00000000e2180000,0x00000000e2180000,0x00000000e2580000)
 ParOldGen       total 65536K, used 0K [0x00000000a1c00000, 0x00000000a5c00000, 0x00000000e0980000)
  object space 65536K, 0% used [0x00000000a1c00000,0x00000000a1c00000,0x00000000a5c00000)
 Metaspace       used 779K, capacity 4480K, committed 4480K, reserved 1056768K
  class space    used 74K, capacity 384K, committed 384K, reserved 1048576K

Card table byte_map: [0x0000000012340000,0x0000000012640000] byte_map_base: 0x0000000011e32000

Marking Bits: (ParMarkBitMap*) 0x0000000054f1f030
 Begin Bits: [0x0000000012c40000, 0x00000000143d0000)
 End Bits:   [0x00000000143d0000, 0x0000000015b60000)

Polling page: 0x00000000012e0000

CodeCache: size=245760Kb used=328Kb max_used=328Kb free=245431Kb
 bounds [0x0000000002f80000, 0x00000000031f0000, 0x0000000011f80000]
 total_blobs=57 nmethods=0 adapters=38
 compilation: enabled

Compilation events (0 events):
No events

GC Heap History (0 events):
No events

Deoptimization events (0 events):
No events

Classes redefined (0 events):
No events

Internal exceptions (0 events):
No events

Events (10 events):
Event: 0.163 loading class java/lang/Short
Event: 0.163 loading class java/lang/Short done
Event: 0.163 loading class java/lang/Integer
Event: 0.163 loading class java/lang/Integer done
Event: 0.163 loading class java/lang/Long
Event: 0.164 loading class java/lang/Long done
Event: 0.176 loading class java/lang/NullPointerException
Event: 0.176 loading class java/lang/NullPointerException done
Event: 0.176 loading class java/lang/ArithmeticException
Event: 0.176 loading class java/lang/ArithmeticException done


Dynamic libraries:
0x00007ff635fe0000 - 0x00007ff636011000 	C:\Program Files\Android\Android Studio\jre\jre\bin\java.exe
0x00007ffce5d10000 - 0x00007ffce5f05000 	C:\WINDOWS\SYSTEM32\ntdll.dll
0x00007ffcba060000 - 0x00007ffcba072000 	C:\Program Files\Avast Software\Avast\aswhook.dll
0x00007ffce4d40000 - 0x00007ffce4dfd000 	C:\WINDOWS\System32\KERNEL32.DLL
0x00007ffce37e0000 - 0x00007ffce3aa9000 	C:\WINDOWS\System32\KERNELBASE.dll
0x00007ffce3f00000 - 0x00007ffce3fac000 	C:\WINDOWS\System32\ADVAPI32.dll
0x00007ffce4310000 - 0x00007ffce43ae000 	C:\WINDOWS\System32\msvcrt.dll
0x00007ffce4c30000 - 0x00007ffce4ccc000 	C:\WINDOWS\System32\sechost.dll
0x00007ffce4b00000 - 0x00007ffce4c2b000 	C:\WINDOWS\System32\RPCRT4.dll
0x00007ffce4e30000 - 0x00007ffce4fd0000 	C:\WINDOWS\System32\USER32.dll
0x00007ffce3660000 - 0x00007ffce3682000 	C:\WINDOWS\System32\win32u.dll
0x00007ffce4e00000 - 0x00007ffce4e2a000 	C:\WINDOWS\System32\GDI32.dll
0x00007ffce3c00000 - 0x00007ffce3d0b000 	C:\WINDOWS\System32\gdi32full.dll
0x00007ffce3b60000 - 0x00007ffce3bfd000 	C:\WINDOWS\System32\msvcp_win.dll
0x00007ffce36e0000 - 0x00007ffce37e0000 	C:\WINDOWS\System32\ucrtbase.dll
0x00007ffccf120000 - 0x00007ffccf3ba000 	C:\WINDOWS\WinSxS\amd64_microsoft.windows.common-controls_6595b64144ccf1df_6.0.19041.844_none_ca00b6081b84eb1d\COMCTL32.dll
0x00007ffce3ed0000 - 0x00007ffce3f00000 	C:\WINDOWS\System32\IMM32.DLL
0x00000000552b0000 - 0x0000000055382000 	C:\Program Files\Android\Android Studio\jre\jre\bin\msvcr100.dll
0x0000000054750000 - 0x0000000054f9b000 	C:\Program Files\Android\Android Studio\jre\jre\bin\server\jvm.dll
0x00007ffce5c10000 - 0x00007ffce5c18000 	C:\WINDOWS\System32\PSAPI.DLL
0x00007ffcd6db0000 - 0x00007ffcd6db9000 	C:\WINDOWS\SYSTEM32\WSOCK32.dll
0x00007ffce5a10000 - 0x00007ffce5a7b000 	C:\WINDOWS\System32\WS2_32.dll
0x00007ffcc6df0000 - 0x00007ffcc6e17000 	C:\WINDOWS\SYSTEM32\WINMM.dll
0x00007ffcdd570000 - 0x00007ffcdd57a000 	C:\WINDOWS\SYSTEM32\VERSION.dll
0x00007ffce0c60000 - 0x00007ffce0c6f000 	C:\Program Files\Android\Android Studio\jre\jre\bin\verify.dll
0x00007ffccf3e0000 - 0x00007ffccf409000 	C:\Program Files\Android\Android Studio\jre\jre\bin\java.dll
0x00007ffcdc0c0000 - 0x00007ffcdc0d6000 	C:\Program Files\Android\Android Studio\jre\jre\bin\zip.dll

VM Arguments:
java_command: org.jetbrains.git4idea.http.GitAskPassApp Username for 'https://github.com': 
java_class_path (initial): C:/Program Files/Android/Android Studio/plugins/git4idea/lib/git4idea-rt.jar;C:/Program Files/Android/Android Studio/lib/xmlrpc-2.0.1.jar;C:/Program Files/Android/Android Studio/lib/commons-codec-1.14.jar;C:/Program Files/Android/Android Studio/lib/util.jar
Launcher Type: SUN_STANDARD

Environment Variables:
PATH=C:/Program Files/Git/mingw64/libexec/git-core;C:/Program Files/Git/mingw64/libexec/git-core;C:\Program Files\Git\mingw64\bin;C:\Program Files\Git\usr\bin;C:\Users\axk\bin;C:\Program Files (x86)\Common Files\Oracle\Java\javapath;C:\ProgramData\Oracle\Java\javapath;C:\Program Files (x86)\NVIDIA Corporation\PhysX\Common;C:\Program Files (x86)\Intel\iCLS Client\;C:\Program Files\Intel\iCLS Client\;C:\WINDOWS\system32;C:\WINDOWS;C:\WINDOWS\System32\Wbem;C:\WINDOWS\System32\WindowsPowerShell\v1.0\;C:\Program Files (x86)\Intel\OpenCL SDK\2.0\bin\x86;C:\Program Files (x86)\Intel\OpenCL SDK\2.0\bin\x64;C:\Program Files\Intel\Intel(R) Management Engine Components\DAL;C:\Program Files\Intel\Intel(R) Management Engine Components\IPT;C:\Program Files (x86)\Intel\Intel(R) Management Engine Components\DAL;C:\Program Files (x86)\Intel\Intel(R) Management Engine Components\IPT;C:\WINDOWS\System32\OpenSSH\;C:\Program Files (x86)\Windows Live\Shared;C:\Program Files\Git\cmd;C:\Users\axk\AppData\Local\Microsoft\WindowsApps
USERNAME=axk
DISPLAY=:0.0
OS=Windows_NT
PROCESSOR_IDENTIFIER=Intel64 Family 6 Model 58 Stepping 9, GenuineIntel



---------------  S Y S T E M  ---------------

OS: Windows 10.0 , 64 bit Build 19041 (10.0.19041.804)

CPU:total 4 (initial active 4) (4 cores per cpu, 1 threads per core) family 6 model 58 stepping 9, cmov, cx8, fxsr, mmx, sse, sse2, sse3, ssse3, sse4.1, sse4.2, popcnt, avx, clmul, erms, tsc, tscinvbit, tscinv

Memory: 4k page, physical 6175660k(768308k free), swap 8223660k(5476k free)

vm_info: OpenJDK 64-Bit Server VM (25.242-b01) for windows-amd64 JRE (1.8.0_242-release-1644-b01), built by "builder" with MS VC++ 10.0 (VS2010)

time: Sat Mar 20 18:57:02 2021
timezone: Hora estándar romance
elapsed time: 0 seconds (0d 0h 0m 0s)

